TN:
SF:src/Pool.sol
FN:38,Pool.getReserves
FNDA:267,Pool.getReserves
DA:40,1573
DA:41,1573
FN:48,Pool.getETHPriceInToken
FNDA:4,Pool.getETHPriceInToken
DA:49,4
DA:51,4
FN:57,Pool.swapEthForToken
FNDA:782,Pool.swapEthForToken
DA:58,782
DA:59,782
BRDA:59,0,0,-
BRDA:59,0,1,782
DA:63,782
DA:64,782
BRDA:64,1,0,-
BRDA:64,1,1,782
DA:65,782
BRDA:65,2,0,3
BRDA:65,2,1,779
DA:67,779
DA:72,779
FN:79,Pool.swapTokenForEth
FNDA:520,Pool.swapTokenForEth
DA:80,520
DA:81,520
BRDA:81,3,0,-
BRDA:81,3,1,520
DA:85,520
DA:86,520
BRDA:86,4,0,-
BRDA:86,4,1,520
DA:87,520
BRDA:87,5,0,2
BRDA:87,5,1,518
DA:89,518
DA:90,518
BRDA:90,6,0,-
BRDA:90,6,1,518
DA:94,518
DA:99,517
FNF:4
FNH:4
LF:20
LH:20
BRF:14
BRH:9
end_of_record
TN:
SF:test/exploits/read-only-reentrancy.sol
FN:61,TargetDefiProtocol.getPoolMarginalPrice
FNDA:1,TargetDefiProtocol.getPoolMarginalPrice
DA:62,1
FNF:1
FNH:1
LF:1
LH:1
BRF:0
BRH:0
end_of_record
TN:
SF:test/invariant/Pool.invariant.t.sol
FN:14,TestPoolInvariant.setUp
FNDA:3,TestPoolInvariant.setUp
DA:15,3
DA:16,3
DA:17,3
DA:18,3
FN:24,TestPoolInvariant.invariant_poolAlwaysHasLiquidity
FNDA:0,TestPoolInvariant.invariant_poolAlwaysHasLiquidity
DA:25,0
DA:26,0
DA:27,0
FN:33,TestPoolInvariant.invariant_increaseBalance
FNDA:0,TestPoolInvariant.invariant_increaseBalance
DA:34,0
DA:35,0
BRDA:34,0,0,-
BRDA:34,0,1,-
DA:36,0
DA:39,0
DA:40,0
BRDA:39,1,0,-
BRDA:39,1,1,-
DA:41,0
FN:48,TestPoolInvariant.invariant_reverseConsistency
FNDA:0,TestPoolInvariant.invariant_reverseConsistency
DA:49,0
DA:50,0
DA:51,0
BRDA:51,2,0,-
BRDA:51,2,1,-
FN:87,Handler.transferTokens
FNDA:9,Handler.transferTokens
DA:88,9
DA:89,9
FN:94,Handler.swapEthForToken
FNDA:14,Handler.swapEthForToken
DA:95,14
DA:96,14
FN:104,Handler.swapTokenForEth
FNDA:5,Handler.swapTokenForEth
DA:105,5
DA:106,5
DA:107,5
FN:112,Handler.updateReserve
FNDA:7,Handler.updateReserve
DA:113,7
DA:114,7
DA:116,7
DA:117,7
DA:119,7
FN:124,Handler.updateInitVars
FNDA:7,Handler.updateInitVars
DA:125,7
DA:126,7
DA:128,7
DA:129,7
FNF:9
FNH:6
LF:32
LH:20
BRF:6
BRH:0
end_of_record
